{"level":"info","message":"Connecting to MongoDB...","timestamp":"2025-05-27 19:09:27"}
{"level":"info","message":"Email server is ready","timestamp":"2025-05-27 19:09:29"}
{"level":"info","message":"Connected to MongoDB successfully","timestamp":"2025-05-27 19:09:35"}
{"level":"info","message":"Server running on port 3000","timestamp":"2025-05-27 19:09:35"}
{"level":"info","message":"Environment: development","timestamp":"2025-05-27 19:09:35"}
{"level":"info","message":"Database: Connected to test","timestamp":"2025-05-27 19:09:35"}
{"level":"info","message":"Process ID: 12784","timestamp":"2025-05-27 19:09:35"}
{"level":"info","message":"SIGINT received. Starting graceful shutdown...","timestamp":"2025-05-27 19:09:41"}
{"level":"info","message":"Connecting to MongoDB...","timestamp":"2025-05-27 20:45:08"}
{"level":"info","message":"Email server is ready","timestamp":"2025-05-27 20:45:10"}
{"level":"info","message":"Connected to MongoDB successfully","timestamp":"2025-05-27 20:45:16"}
{"level":"info","message":"Server running on port 3000","timestamp":"2025-05-27 20:45:16"}
{"level":"info","message":"Environment: development","timestamp":"2025-05-27 20:45:16"}
{"level":"info","message":"Database: Connected to test","timestamp":"2025-05-27 20:45:16"}
{"level":"info","message":"Process ID: 10696","timestamp":"2025-05-27 20:45:16"}
{"level":"info","message":"SIGINT received. Starting graceful shutdown...","timestamp":"2025-05-27 20:45:19"}
{"level":"info","message":"Connecting to MongoDB...","timestamp":"2025-05-28 17:02:20"}
{"level":"info","message":"Email server is ready","timestamp":"2025-05-28 17:02:25"}
{"level":"info","message":"Connected to MongoDB successfully","timestamp":"2025-05-28 17:02:29"}
{"level":"info","message":"Server running on port 3000","timestamp":"2025-05-28 17:02:29"}
{"level":"info","message":"Environment: development","timestamp":"2025-05-28 17:02:29"}
{"level":"info","message":"Database: Connected to test","timestamp":"2025-05-28 17:02:29"}
{"level":"info","message":"Process ID: 12744","timestamp":"2025-05-28 17:02:29"}
{"level":"info","message":"SIGINT received. Starting graceful shutdown...","timestamp":"2025-05-28 17:02:44"}
{"level":"info","message":"Connecting to MongoDB...","timestamp":"2025-05-31 11:28:24"}
{"level":"info","message":"Email server is ready","timestamp":"2025-05-31 11:28:25"}
{"level":"info","message":"Connected to MongoDB successfully","timestamp":"2025-05-31 11:28:29"}
{"level":"info","message":"Server running on port 3000","timestamp":"2025-05-31 11:28:29"}
{"level":"info","message":"Environment: development","timestamp":"2025-05-31 11:28:29"}
{"level":"info","message":"Database: Connected to test","timestamp":"2025-05-31 11:28:29"}
{"level":"info","message":"Process ID: 13084","timestamp":"2025-05-31 11:28:29"}
{"level":"warn","message":"MongoDB disconnected","timestamp":"2025-05-31 11:29:43"}
{"level":"info","message":"MongoDB reconnected","timestamp":"2025-05-31 11:29:54"}
{"level":"info","message":"New user created: rhymeanabel@gmail.com","timestamp":"2025-05-31 11:43:03"}
{"level":"info","message":"Sending verification email to: rhymeanabel@gmail.com","timestamp":"2025-05-31 11:43:03"}
{"level":"info","message":"Verification email sent successfully to: rhymeanabel@gmail.com","timestamp":"2025-05-31 11:43:06"}
{"duration":"7542ms","ip":"::1","level":"info","message":"Request completed:","method":"POST","status":201,"timestamp":"2025-05-31 11:43:08","url":"/api/auth/signup","user":"anonymous","userAgent":"PostmanRuntime/7.44.0"}
{"level":"info","message":"Email verified successfully for user: 683add370dce887def2167b1","timestamp":"2025-05-31 11:43:25"}
{"duration":"1096ms","ip":"::1","level":"info","message":"Request completed:","method":"GET","status":302,"timestamp":"2025-05-31 11:43:25","url":"/api/auth/verify/683add370dce887def2167b1/be7c0042-c7c0-41fa-a2f9-bcd87a1e70e5683add370dce887def2167b1","user":"anonymous","userAgent":"Mozilla/5.0 (Windows NT 10.0; Win64; x64) AppleWebKit/537.36 (KHTML, like Gecko) Chrome/136.0.0.0 Safari/537.36"}
{"level":"warn","message":"404 - Route not found: /user/verified?error=false&message=Email%20verified%20successfully!","timestamp":"2025-05-31 11:43:26"}
{"duration":"1277ms","ip":"::1","level":"error","message":"Request failed:","method":"GET","status":404,"timestamp":"2025-05-31 11:43:26","url":"/user/verified?error=false&message=Email%20verified%20successfully!","user":"anonymous","userAgent":"Mozilla/5.0 (Windows NT 10.0; Win64; x64) AppleWebKit/537.36 (KHTML, like Gecko) Chrome/136.0.0.0 Safari/537.36"}
{"level":"warn","message":"404 - Route not found: /favicon.ico","timestamp":"2025-05-31 11:43:26"}
{"duration":"401ms","ip":"::1","level":"error","message":"Request failed:","method":"GET","status":404,"timestamp":"2025-05-31 11:43:27","url":"/favicon.ico","user":"anonymous","userAgent":"Mozilla/5.0 (Windows NT 10.0; Win64; x64) AppleWebKit/537.36 (KHTML, like Gecko) Chrome/136.0.0.0 Safari/537.36"}
{"level":"warn","message":"404 - Route not found: /user/verified?error=false&message=Email%20verified%20successfully!","timestamp":"2025-05-31 11:44:33"}
{"duration":"552ms","ip":"::1","level":"error","message":"Request failed:","method":"GET","status":404,"timestamp":"2025-05-31 11:44:33","url":"/user/verified?error=false&message=Email%20verified%20successfully!","user":"anonymous","userAgent":"Mozilla/5.0 (Windows NT 10.0; Win64; x64) AppleWebKit/537.36 (KHTML, like Gecko) Chrome/136.0.0.0 Safari/537.36"}
{"level":"warn","message":"404 - Route not found: /user/verified?error=false&message=Email%20already%20verified","timestamp":"2025-05-31 11:44:40"}
{"duration":"639ms","ip":"::1","level":"info","message":"Request completed:","method":"GET","status":302,"timestamp":"2025-05-31 11:44:41","url":"/api/auth/verify/683add370dce887def2167b1/be7c0042-c7c0-41fa-a2f9-bcd87a1e70e5683add370dce887def2167b1","user":"anonymous","userAgent":"Mozilla/5.0 (Windows NT 10.0; Win64; x64) AppleWebKit/537.36 (KHTML, like Gecko) Chrome/136.0.0.0 Safari/537.36"}
{"duration":"429ms","ip":"::1","level":"error","message":"Request failed:","method":"GET","status":404,"timestamp":"2025-05-31 11:44:41","url":"/user/verified?error=false&message=Email%20already%20verified","user":"anonymous","userAgent":"Mozilla/5.0 (Windows NT 10.0; Win64; x64) AppleWebKit/537.36 (KHTML, like Gecko) Chrome/136.0.0.0 Safari/537.36"}
{"duration":"652ms","ip":"::1","level":"info","message":"Request completed:","method":"GET","status":302,"timestamp":"2025-05-31 11:46:12","url":"/api/auth/verify/683add370dce887def2167b1/be7c0042-c7c0-41fa-a2f9-bcd87a1e70e5683add370dce887def2167b1","user":"anonymous","userAgent":"Mozilla/5.0 (Windows NT 10.0; Win64; x64) AppleWebKit/537.36 (KHTML, like Gecko) Chrome/136.0.0.0 Safari/537.36"}
{"level":"warn","message":"404 - Route not found: /user/verified?error=false&message=Email%20already%20verified","timestamp":"2025-05-31 11:46:12"}
{"duration":"491ms","ip":"::1","level":"error","message":"Request failed:","method":"GET","status":404,"timestamp":"2025-05-31 11:46:13","url":"/user/verified?error=false&message=Email%20already%20verified","user":"anonymous","userAgent":"Mozilla/5.0 (Windows NT 10.0; Win64; x64) AppleWebKit/537.36 (KHTML, like Gecko) Chrome/136.0.0.0 Safari/537.36"}
{"level":"info","message":"SIGINT received. Starting graceful shutdown...","timestamp":"2025-05-31 11:46:24"}
{"level":"info","message":"Connecting to MongoDB...","timestamp":"2025-05-31 11:49:46"}
{"level":"info","message":"Email server is ready","timestamp":"2025-05-31 11:49:47"}
{"level":"info","message":"Connected to MongoDB successfully","timestamp":"2025-05-31 11:49:51"}
{"level":"info","message":"Server running on port 3000","timestamp":"2025-05-31 11:49:51"}
{"level":"info","message":"Environment: development","timestamp":"2025-05-31 11:49:51"}
{"level":"info","message":"Database: Connected to test","timestamp":"2025-05-31 11:49:51"}
{"level":"info","message":"Process ID: 1452","timestamp":"2025-05-31 11:49:51"}
{"level":"info","message":"New user created: rhymeanabel@gmail.com","timestamp":"2025-05-31 11:50:24"}
{"level":"info","message":"Sending verification email to: rhymeanabel@gmail.com","timestamp":"2025-05-31 11:50:24"}
{"level":"info","message":"Verification email sent successfully to: rhymeanabel@gmail.com","timestamp":"2025-05-31 11:50:27"}
{"duration":"4370ms","ip":"::1","level":"info","message":"Request completed:","method":"POST","status":201,"timestamp":"2025-05-31 11:50:27","url":"/api/auth/signup","user":"anonymous","userAgent":"PostmanRuntime/7.44.0"}
{"duration":"914ms","ip":"::1","level":"info","message":"Request completed:","method":"GET","status":302,"timestamp":"2025-05-31 11:50:40","url":"/api/auth/verify/683adef0b3dcf08753527021/12c1c900-82d8-4a3a-99c1-37ad5b719570683adef0b3dcf08753527021","user":"anonymous","userAgent":"Mozilla/5.0 (Windows NT 10.0; Win64; x64) AppleWebKit/537.36 (KHTML, like Gecko) Chrome/136.0.0.0 Safari/537.36"}
{"level":"warn","message":"404 - Route not found: /api/verified?successr=true&message=User%20is%20already%20verified.","timestamp":"2025-05-31 11:50:41"}
{"duration":"1607ms","ip":"::1","level":"error","message":"Request failed:","method":"GET","status":404,"timestamp":"2025-05-31 11:50:42","url":"/api/verified?successr=true&message=User%20is%20already%20verified.","user":"anonymous","userAgent":"Mozilla/5.0 (Windows NT 10.0; Win64; x64) AppleWebKit/537.36 (KHTML, like Gecko) Chrome/136.0.0.0 Safari/537.36"}
{"level":"warn","message":"404 - Route not found: /api/verified?successr=true&message=User%20is%20already%20verified.","timestamp":"2025-05-31 11:56:58"}
{"duration":"468ms","ip":"::1","level":"error","message":"Request failed:","method":"GET","status":404,"timestamp":"2025-05-31 11:56:58","url":"/api/verified?successr=true&message=User%20is%20already%20verified.","user":"anonymous","userAgent":"Mozilla/5.0 (Windows NT 10.0; Win64; x64) AppleWebKit/537.36 (KHTML, like Gecko) Chrome/136.0.0.0 Safari/537.36"}
{"level":"warn","message":"404 - Route not found: /api/verified?successr=true&message=User%20is%20already%20verified.","timestamp":"2025-05-31 11:57:02"}
{"duration":"472ms","ip":"::1","level":"error","message":"Request failed:","method":"GET","status":404,"timestamp":"2025-05-31 11:57:03","url":"/api/verified?successr=true&message=User%20is%20already%20verified.","user":"anonymous","userAgent":"Mozilla/5.0 (Windows NT 10.0; Win64; x64) AppleWebKit/537.36 (KHTML, like Gecko) Chrome/136.0.0.0 Safari/537.36"}
{"level":"warn","message":"404 - Route not found: /api/verified?successr=true&message=User%20is%20already%20verified.","timestamp":"2025-05-31 11:57:04"}
{"duration":"557ms","ip":"::1","level":"error","message":"Request failed:","method":"GET","status":404,"timestamp":"2025-05-31 11:57:04","url":"/api/verified?successr=true&message=User%20is%20already%20verified.","user":"anonymous","userAgent":"Mozilla/5.0 (Windows NT 10.0; Win64; x64) AppleWebKit/537.36 (KHTML, like Gecko) Chrome/136.0.0.0 Safari/537.36"}
{"duration":"589ms","ip":"::1","level":"info","message":"Request completed:","method":"GET","status":302,"timestamp":"2025-05-31 11:57:08","url":"/api/auth/verify/683adef0b3dcf08753527021/12c1c900-82d8-4a3a-99c1-37ad5b719570683adef0b3dcf08753527021","user":"anonymous","userAgent":"Mozilla/5.0 (Windows NT 10.0; Win64; x64) AppleWebKit/537.36 (KHTML, like Gecko) Chrome/136.0.0.0 Safari/537.36"}
{"level":"warn","message":"404 - Route not found: /api/verified?successr=true&message=User%20is%20already%20verified.","timestamp":"2025-05-31 11:57:08"}
{"duration":"444ms","ip":"::1","level":"error","message":"Request failed:","method":"GET","status":404,"timestamp":"2025-05-31 11:57:08","url":"/api/verified?successr=true&message=User%20is%20already%20verified.","user":"anonymous","userAgent":"Mozilla/5.0 (Windows NT 10.0; Win64; x64) AppleWebKit/537.36 (KHTML, like Gecko) Chrome/136.0.0.0 Safari/537.36"}
{"level":"info","message":"SIGINT received. Starting graceful shutdown...","timestamp":"2025-05-31 11:57:16"}
{"level":"info","message":"Connecting to MongoDB...","timestamp":"2025-05-31 12:00:04"}
{"level":"info","message":"Email server is ready","timestamp":"2025-05-31 12:00:05"}
{"level":"info","message":"Connected to MongoDB successfully","timestamp":"2025-05-31 12:00:10"}
{"level":"info","message":"Server running on port 3000","timestamp":"2025-05-31 12:00:10"}
{"level":"info","message":"Environment: development","timestamp":"2025-05-31 12:00:10"}
{"level":"info","message":"Database: Connected to test","timestamp":"2025-05-31 12:00:10"}
{"level":"info","message":"Process ID: 1952","timestamp":"2025-05-31 12:00:10"}
{"level":"info","message":"New user created: rhymeanabel@gmail.com","timestamp":"2025-05-31 12:00:44"}
{"level":"info","message":"Sending verification email to: rhymeanabel@gmail.com","timestamp":"2025-05-31 12:00:45"}
{"level":"info","message":"Verification email sent successfully to: rhymeanabel@gmail.com","timestamp":"2025-05-31 12:00:47"}
{"duration":"4426ms","ip":"::1","level":"info","message":"Request completed:","method":"POST","status":201,"timestamp":"2025-05-31 12:00:47","url":"/api/auth/signup","user":"anonymous","userAgent":"PostmanRuntime/7.44.0"}
{"duration":"1569ms","ip":"::1","level":"info","message":"Request completed:","method":"GET","status":200,"timestamp":"2025-05-31 12:00:57","url":"/api/auth/verify/683ae15c872aca801df43b0f/d88c4066-ee14-4033-9cbf-fdd187cf2f07683ae15c872aca801df43b0f","user":"anonymous","userAgent":"Mozilla/5.0 (Windows NT 10.0; Win64; x64) AppleWebKit/537.36 (KHTML, like Gecko) Chrome/136.0.0.0 Safari/537.36"}
{"level":"info","message":"SIGINT received. Starting graceful shutdown...","timestamp":"2025-05-31 12:12:36"}
{"level":"info","message":"Connecting to MongoDB...","timestamp":"2025-05-31 12:12:47"}
{"level":"info","message":"Email server is ready","timestamp":"2025-05-31 12:12:49"}
{"level":"info","message":"Connected to MongoDB successfully","timestamp":"2025-05-31 12:12:53"}
{"level":"info","message":"Server running on port 3000","timestamp":"2025-05-31 12:12:53"}
{"level":"info","message":"Environment: development","timestamp":"2025-05-31 12:12:53"}
{"level":"info","message":"Database: Connected to test","timestamp":"2025-05-31 12:12:53"}
{"level":"info","message":"Process ID: 8724","timestamp":"2025-05-31 12:12:53"}
{"duration":"299ms","ip":"::1","level":"info","message":"Request completed:","method":"GET","status":302,"timestamp":"2025-05-31 12:13:01","url":"/api/auth/verify/683ae15c872aca801df43b0f/d88c4066-ee14-4033-9cbf-fdd187cf2f07683ae15c872aca801df43b0f","user":"anonymous","userAgent":"Mozilla/5.0 (Windows NT 10.0; Win64; x64) AppleWebKit/537.36 (KHTML, like Gecko) Chrome/136.0.0.0 Safari/537.36"}
{"duration":"31ms","ip":"::1","level":"info","message":"Request completed:","method":"GET","status":200,"timestamp":"2025-05-31 12:13:01","url":"/api/verified?success=true&message=User%20is%20already%20verified.","user":"anonymous","userAgent":"Mozilla/5.0 (Windows NT 10.0; Win64; x64) AppleWebKit/537.36 (KHTML, like Gecko) Chrome/136.0.0.0 Safari/537.36"}
{"level":"info","message":"New user created: rhymeanabel@gmail.com","timestamp":"2025-05-31 12:14:22"}
{"level":"info","message":"Sending verification email to: rhymeanabel@gmail.com","timestamp":"2025-05-31 12:14:22"}
{"level":"info","message":"Verification email sent successfully to: rhymeanabel@gmail.com","timestamp":"2025-05-31 12:14:24"}
{"duration":"3967ms","ip":"::1","level":"info","message":"Request completed:","method":"POST","status":201,"timestamp":"2025-05-31 12:14:24","url":"/api/auth/signup","user":"anonymous","userAgent":"PostmanRuntime/7.44.0"}
{"duration":"967ms","ip":"::1","level":"info","message":"Request completed:","method":"GET","status":200,"timestamp":"2025-05-31 12:14:33","url":"/api/auth/verify/683ae48dc71231b640ea4d6f/2f37f933-3705-4101-a89d-83913417e909683ae48dc71231b640ea4d6f","user":"anonymous","userAgent":"Mozilla/5.0 (Windows NT 10.0; Win64; x64) AppleWebKit/537.36 (KHTML, like Gecko) Chrome/136.0.0.0 Safari/537.36"}
{"level":"warn","message":"MongoDB disconnected","timestamp":"2025-05-31 12:16:25"}
{"level":"info","message":"MongoDB reconnected","timestamp":"2025-05-31 12:16:27"}
{"level":"info","message":"SIGINT received. Starting graceful shutdown...","timestamp":"2025-05-31 12:19:36"}
{"level":"info","message":"HTTP server closed","timestamp":"2025-05-31 12:19:36"}
{"level":"warn","message":"MongoDB disconnected","timestamp":"2025-05-31 12:19:39"}
{"level":"info","message":"Connecting to MongoDB...","timestamp":"2025-05-31 12:20:57"}
{"level":"info","message":"Email server is ready","timestamp":"2025-05-31 12:20:59"}
{"level":"info","message":"Connected to MongoDB successfully","timestamp":"2025-05-31 12:21:01"}
{"level":"info","message":"Server running on port 3000","timestamp":"2025-05-31 12:21:01"}
{"level":"info","message":"Environment: development","timestamp":"2025-05-31 12:21:01"}
{"level":"info","message":"Database: Connected to test","timestamp":"2025-05-31 12:21:01"}
{"level":"info","message":"Process ID: 10256","timestamp":"2025-05-31 12:21:01"}
{"level":"info","message":"New user created: rhymeanabel@gmail.com","timestamp":"2025-05-31 12:21:18"}
{"level":"info","message":"Sending verification email to: rhymeanabel@gmail.com","timestamp":"2025-05-31 12:21:18"}
{"level":"info","message":"Verification email sent successfully to: rhymeanabel@gmail.com","timestamp":"2025-05-31 12:21:21"}
{"duration":"4430ms","ip":"::1","level":"info","message":"Request completed:","method":"POST","status":201,"timestamp":"2025-05-31 12:21:21","url":"/api/auth/signup","user":"anonymous","userAgent":"PostmanRuntime/7.44.0"}
{"level":"info","message":"Email verification attempt for user: 683ae62e2546933e109afa76","timestamp":"2025-05-31 12:21:32"}
{"level":"info","message":"User 683ae62e2546933e109afa76 successfully verified","timestamp":"2025-05-31 12:21:33"}
{"duration":"1045ms","ip":"::1","level":"info","message":"Request completed:","method":"GET","status":200,"timestamp":"2025-05-31 12:21:33","url":"/api/auth/verify/683ae62e2546933e109afa76/635716e4-b151-4983-9c23-7c0802fef780683ae62e2546933e109afa76","user":"anonymous","userAgent":"Mozilla/5.0 (Windows NT 10.0; Win64; x64) AppleWebKit/537.36 (KHTML, like Gecko) Chrome/136.0.0.0 Safari/537.36"}
{"level":"info","message":"Email verification attempt for user: 683ae62e2546933e109afa76","timestamp":"2025-05-31 12:24:11"}
{"level":"info","message":"User 683ae62e2546933e109afa76 is already verified","timestamp":"2025-05-31 12:24:12"}
{"duration":"265ms","ip":"::1","level":"info","message":"Request completed:","method":"GET","status":302,"timestamp":"2025-05-31 12:24:12","url":"/api/auth/verify/683ae62e2546933e109afa76/635716e4-b151-4983-9c23-7c0802fef780683ae62e2546933e109afa76","user":"anonymous","userAgent":"Mozilla/5.0 (Windows NT 10.0; Win64; x64) AppleWebKit/537.36 (KHTML, like Gecko) Chrome/136.0.0.0 Safari/537.36"}
{"level":"info","message":"User is already verified.","success":"true","timestamp":"2025-05-31 12:24:12"}
{"0":"C","1":":","10":"e","11":"m","12":"i","13":"t","14":"a","15":"y","16":"o","17":"\\","18":"D","19":"e","2":"\\","20":"s","21":"k","22":"t","23":"o","24":"p","25":"\\","26":"C","27":"i","28":"r","29":"c","3":"U","30":"l","31":"e","32":"M","33":"a","34":"t","35":"e","36":"_","37":"W","38":"e","39":"b","4":"s","40":"_","41":"P","42":"r","43":"o","44":"j","45":"e","46":"c","47":"t","48":"\\","49":"s","5":"e","50":"e","51":"r","52":"v","53":"e","54":"r","55":"\\","56":"v","57":"i","58":"e","59":"w","6":"r","60":"s","61":"\\","62":"v","63":"e","64":"r","65":"i","66":"f","67":"i","68":"e","69":"d","7":"s","70":".","71":"h","72":"t","73":"m","74":"l","8":"\\","9":"T","level":"info","message":"Sending verified.html from:","timestamp":"2025-05-31 12:24:12"}
{"duration":"18ms","ip":"::1","level":"info","message":"Request completed:","method":"GET","status":304,"timestamp":"2025-05-31 12:24:12","url":"/api/verified?success=true&message=User%20is%20already%20verified.","user":"anonymous","userAgent":"Mozilla/5.0 (Windows NT 10.0; Win64; x64) AppleWebKit/537.36 (KHTML, like Gecko) Chrome/136.0.0.0 Safari/537.36"}
{"level":"info","message":"SIGINT received. Starting graceful shutdown...","timestamp":"2025-05-31 12:24:33"}
{"level":"info","message":"Connecting to MongoDB...","timestamp":"2025-05-31 12:24:48"}
{"level":"info","message":"Email server is ready","timestamp":"2025-05-31 12:24:49"}
{"level":"info","message":"Connected to MongoDB successfully","timestamp":"2025-05-31 12:24:55"}
{"level":"info","message":"Server running on port 3000","timestamp":"2025-05-31 12:24:56"}
{"level":"info","message":"Environment: development","timestamp":"2025-05-31 12:24:56"}
{"level":"info","message":"Database: Connected to test","timestamp":"2025-05-31 12:24:56"}
{"level":"info","message":"Process ID: 4888","timestamp":"2025-05-31 12:24:56"}
{"level":"info","message":"New user created: rhymeanabel@gmail.com","timestamp":"2025-05-31 12:25:18"}
{"level":"info","message":"Sending verification email to: rhymeanabel@gmail.com","timestamp":"2025-05-31 12:25:18"}
{"level":"info","message":"Verification email sent successfully to: rhymeanabel@gmail.com","timestamp":"2025-05-31 12:25:21"}
{"duration":"4213ms","ip":"::1","level":"info","message":"Request completed:","method":"POST","status":201,"timestamp":"2025-05-31 12:25:21","url":"/api/auth/signup","user":"anonymous","userAgent":"PostmanRuntime/7.44.0"}
{"level":"info","message":"Email verification attempt for user: 683ae71e12dd96cf9ebc03ff","timestamp":"2025-05-31 12:25:27"}
{"level":"info","message":"User 683ae71e12dd96cf9ebc03ff successfully verified","timestamp":"2025-05-31 12:25:28"}
{"duration":"1065ms","ip":"::1","level":"info","message":"Request completed:","method":"GET","status":302,"timestamp":"2025-05-31 12:25:28","url":"/api/auth/verify/683ae71e12dd96cf9ebc03ff/dd7ccc76-40c0-4938-841d-88c98e92dc62683ae71e12dd96cf9ebc03ff","user":"anonymous","userAgent":"Mozilla/5.0 (Windows NT 10.0; Win64; x64) AppleWebKit/537.36 (KHTML, like Gecko) Chrome/136.0.0.0 Safari/537.36"}
{"level":"info","message":"Email verified successfully!","success":"true","timestamp":"2025-05-31 12:25:28"}
{"0":"C","1":":","10":"e","11":"m","12":"i","13":"t","14":"a","15":"y","16":"o","17":"\\","18":"D","19":"e","2":"\\","20":"s","21":"k","22":"t","23":"o","24":"p","25":"\\","26":"C","27":"i","28":"r","29":"c","3":"U","30":"l","31":"e","32":"M","33":"a","34":"t","35":"e","36":"_","37":"W","38":"e","39":"b","4":"s","40":"_","41":"P","42":"r","43":"o","44":"j","45":"e","46":"c","47":"t","48":"\\","49":"s","5":"e","50":"e","51":"r","52":"v","53":"e","54":"r","55":"\\","56":"v","57":"i","58":"e","59":"w","6":"r","60":"s","61":"\\","62":"v","63":"e","64":"r","65":"i","66":"f","67":"i","68":"e","69":"d","7":"s","70":".","71":"h","72":"t","73":"m","74":"l","8":"\\","9":"T","level":"info","message":"Sending verified.html from:","timestamp":"2025-05-31 12:25:28"}
{"duration":"46ms","ip":"::1","level":"info","message":"Request completed:","method":"GET","status":200,"timestamp":"2025-05-31 12:25:28","url":"/api/verified?success=true&message=Email%20verified%20successfully!","user":"anonymous","userAgent":"Mozilla/5.0 (Windows NT 10.0; Win64; x64) AppleWebKit/537.36 (KHTML, like Gecko) Chrome/136.0.0.0 Safari/537.36"}
{"level":"info","message":"Email verified successfully!","success":"true","timestamp":"2025-05-31 12:30:44"}
{"0":"C","1":":","10":"e","11":"m","12":"i","13":"t","14":"a","15":"y","16":"o","17":"\\","18":"D","19":"e","2":"\\","20":"s","21":"k","22":"t","23":"o","24":"p","25":"\\","26":"C","27":"i","28":"r","29":"c","3":"U","30":"l","31":"e","32":"M","33":"a","34":"t","35":"e","36":"_","37":"W","38":"e","39":"b","4":"s","40":"_","41":"P","42":"r","43":"o","44":"j","45":"e","46":"c","47":"t","48":"\\","49":"s","5":"e","50":"e","51":"r","52":"v","53":"e","54":"r","55":"\\","56":"v","57":"i","58":"e","59":"w","6":"r","60":"s","61":"\\","62":"v","63":"e","64":"r","65":"i","66":"f","67":"i","68":"e","69":"d","7":"s","70":".","71":"h","72":"t","73":"m","74":"l","8":"\\","9":"T","level":"info","message":"Sending verified.html from:","timestamp":"2025-05-31 12:30:44"}
{"duration":"27ms","ip":"::1","level":"info","message":"Request completed:","method":"GET","status":304,"timestamp":"2025-05-31 12:30:44","url":"/api/verified?success=true&message=Email%20verified%20successfully!","user":"anonymous","userAgent":"Mozilla/5.0 (Windows NT 10.0; Win64; x64) AppleWebKit/537.36 (KHTML, like Gecko) Chrome/136.0.0.0 Safari/537.36"}
{"level":"info","message":"Email verified successfully!","success":"true","timestamp":"2025-05-31 12:30:46"}
{"0":"C","1":":","10":"e","11":"m","12":"i","13":"t","14":"a","15":"y","16":"o","17":"\\","18":"D","19":"e","2":"\\","20":"s","21":"k","22":"t","23":"o","24":"p","25":"\\","26":"C","27":"i","28":"r","29":"c","3":"U","30":"l","31":"e","32":"M","33":"a","34":"t","35":"e","36":"_","37":"W","38":"e","39":"b","4":"s","40":"_","41":"P","42":"r","43":"o","44":"j","45":"e","46":"c","47":"t","48":"\\","49":"s","5":"e","50":"e","51":"r","52":"v","53":"e","54":"r","55":"\\","56":"v","57":"i","58":"e","59":"w","6":"r","60":"s","61":"\\","62":"v","63":"e","64":"r","65":"i","66":"f","67":"i","68":"e","69":"d","7":"s","70":".","71":"h","72":"t","73":"m","74":"l","8":"\\","9":"T","level":"info","message":"Sending verified.html from:","timestamp":"2025-05-31 12:30:46"}
{"duration":"11ms","ip":"::1","level":"info","message":"Request completed:","method":"GET","status":304,"timestamp":"2025-05-31 12:30:46","url":"/api/verified?success=true&message=Email%20verified%20successfully!","user":"anonymous","userAgent":"Mozilla/5.0 (Windows NT 10.0; Win64; x64) AppleWebKit/537.36 (KHTML, like Gecko) Chrome/136.0.0.0 Safari/537.36"}
{"level":"info","message":"Email verification attempt for user: 683ae71e12dd96cf9ebc03ff","timestamp":"2025-05-31 12:30:49"}
{"level":"info","message":"User 683ae71e12dd96cf9ebc03ff is already verified","timestamp":"2025-05-31 12:30:49"}
{"duration":"198ms","ip":"::1","level":"info","message":"Request completed:","method":"GET","status":302,"timestamp":"2025-05-31 12:30:49","url":"/api/auth/verify/683ae71e12dd96cf9ebc03ff/dd7ccc76-40c0-4938-841d-88c98e92dc62683ae71e12dd96cf9ebc03ff","user":"anonymous","userAgent":"Mozilla/5.0 (Windows NT 10.0; Win64; x64) AppleWebKit/537.36 (KHTML, like Gecko) Chrome/136.0.0.0 Safari/537.36"}
{"level":"info","message":"User is already verified.","success":"true","timestamp":"2025-05-31 12:30:49"}
{"0":"C","1":":","10":"e","11":"m","12":"i","13":"t","14":"a","15":"y","16":"o","17":"\\","18":"D","19":"e","2":"\\","20":"s","21":"k","22":"t","23":"o","24":"p","25":"\\","26":"C","27":"i","28":"r","29":"c","3":"U","30":"l","31":"e","32":"M","33":"a","34":"t","35":"e","36":"_","37":"W","38":"e","39":"b","4":"s","40":"_","41":"P","42":"r","43":"o","44":"j","45":"e","46":"c","47":"t","48":"\\","49":"s","5":"e","50":"e","51":"r","52":"v","53":"e","54":"r","55":"\\","56":"v","57":"i","58":"e","59":"w","6":"r","60":"s","61":"\\","62":"v","63":"e","64":"r","65":"i","66":"f","67":"i","68":"e","69":"d","7":"s","70":".","71":"h","72":"t","73":"m","74":"l","8":"\\","9":"T","level":"info","message":"Sending verified.html from:","timestamp":"2025-05-31 12:30:49"}
{"duration":"13ms","ip":"::1","level":"info","message":"Request completed:","method":"GET","status":304,"timestamp":"2025-05-31 12:30:49","url":"/api/verified?success=true&message=User%20is%20already%20verified.","user":"anonymous","userAgent":"Mozilla/5.0 (Windows NT 10.0; Win64; x64) AppleWebKit/537.36 (KHTML, like Gecko) Chrome/136.0.0.0 Safari/537.36"}
{"level":"info","message":"SIGINT received. Starting graceful shutdown...","timestamp":"2025-05-31 12:30:55"}
